2026-05-12 11:08:52,356 [INFO] logging_utils: Logging initialized at /home/stv/outnav2.0/outnav/logs/outnav-20260512-110852.log
2026-05-12 11:08:52,357 [INFO] root: [App] Log capture enabled → /home/stv/outnav2.0/outnav/logs/outnav-20260512-110852.log
2026-05-12 11:08:52,357 [INFO] root: [App] Booting OutdoorNav...
2026-05-12 11:08:52,575 [INFO] stdout: OutdoorNavApp -- ROS2 node started.
2026-05-12 11:08:52,653 [INFO] gps_controller: GPSController started (listening to /fix and /gps/heading).
2026-05-12 11:08:52,653 [INFO] stdout: OutdoorNavApp -- GPS Controller started.
2026-05-12 11:08:52,653 [INFO] stdout: OutdoorNavApp -- GPS Serial node skipped on this host.
2026-05-12 11:08:52,653 [INFO] stdout: ROS Spin -- Starting to process ROS callbacks...
2026-05-12 11:08:52,653 [INFO] stdout: OutdoorNavApp -- ROS2 spin thread started.
2026-05-12 11:08:52,659 [INFO] stdout: OutdoorNavApp -- Loading /home/stv/outnav2.0/outnav/map_template.html
2026-05-12 11:08:52,710 [INFO] root: [App] OutdoorNav started successfully.
2026-05-12 11:08:52,916 [INFO] stdout: [QtBridge] UI ready; flushing pending UI data
2026-05-12 11:08:52,973 [INFO] stdout: OutdoorNavApp -- Page fully loaded
2026-05-12 11:08:52,974 [INFO] stdout: [QtBridge] Laptop mode: camera streaming disabled.
2026-05-12 11:08:53,124 [INFO] stdout: [QtBridge] UI ready; flushing pending UI data
2026-05-12 11:08:53,916 [INFO] stdout: [Bridge] Found 0 mission file(s): []
2026-05-12 11:10:53,266 [INFO] stdout: [Bridge] Listing missions: ['.json']
2026-05-12 11:10:59,178 [INFO] stdout: [Bridge] Listing missions: ['.json']
2026-05-12 11:11:00,494 [INFO] stdout: [Bridge] Listing missions: ['.json']
2026-05-12 11:11:29,973 [INFO] stdout: [QtBridge] Mission data sent to robot: mission_live
2026-05-12 11:11:29,975 [DEBUG] qt_bridge: Mission data received: name=mission_live size=n/a
2026-05-12 11:11:35,872 [INFO] stdout: [QtBridge] Mission data sent to robot: mission_live
2026-05-12 11:11:35,878 [DEBUG] qt_bridge: Mission data received: name=mission_live size=n/a
2026-05-12 11:13:32,222 [INFO] stdout: [Bridge] Mission saved → /home/stv/outnav2.0/outnav/missions/saved_missions/Test1.json
2026-05-12 11:13:32,222 [INFO] stdout: [QtBridge] Mission data sent to robot: Test1
2026-05-12 11:13:32,224 [DEBUG] qt_bridge: Mission data received: name=Test1 size=n/a
2026-05-12 11:13:38,335 [INFO] stdout: [Bridge] Listing missions: ['mission_latest', 'Test1', '.json']
2026-05-12 11:13:46,658 [INFO] stdout: [Bridge] Mission loaded from /home/stv/outnav2.0/outnav/missions/saved_missions/Test1.json
2026-05-12 11:13:47,154 [INFO] stdout: [QtBridge] Mission data sent to robot: Test1
2026-05-12 11:13:47,156 [DEBUG] qt_bridge: Mission data received: name=Test1 size=n/a
2026-05-12 11:13:57,173 [INFO] stdout: [Bridge] Listing missions: ['mission_latest', 'Test1', '.json']
2026-05-12 11:14:33,028 [INFO] stdout: [Bridge] Mission loaded from /home/stv/outnav2.0/outnav/missions/saved_missions/Test1.json
2026-05-12 11:17:02,889 [INFO] stdout: [QtBridge] Settings synced to robot
2026-05-12 11:17:02,893 [DEBUG] qt_bridge: Settings received: keys=['wheelDiameterCM', 'robotWidth', 'maxSpeed', 'mapFollowRobot', 'autoSaveMission', 'missionTasksEnabled', 'language', 'secondCameraEnabled', 'minSatellites', 'gpsUartEnabled', 'localizationPoseEnabled', 'gpsPort', 'cameraFps', 'cameraWidth', 'cameraHeight', 'cameraMjpeg', 'cameraBackend', 'cameraDevice', 'cameraDevice2', 'cameraStreamEnabled', 'sender_id']
2026-05-12 11:17:02,894 [INFO] stdout: [QtBridge] Camera subscription active on /camera/image_raw/compressed
2026-05-12 11:17:02,895 [INFO] stdout: [QtBridge] Robot camera streaming started
2026-05-12 11:25:53,822 [INFO] stdout: [Bridge] Listing missions: ['mission_latest', 'Test1', '.json']
2026-05-12 11:25:55,622 [INFO] stdout: [Bridge] Mission loaded from /home/stv/outnav2.0/outnav/missions/saved_missions/mission_latest.json
2026-05-12 11:55:21,182 [INFO] stdout: [QtBridge] Saved place 'Place': {'lat': 10.937038808679066, 'lng': 76.74413949251176}
2026-05-12 11:56:04,140 [INFO] stdout: [QtBridge] Saved place 'Bus Stop': {'lat': 10.938883562745378, 'lng': 76.74518555402757}
2026-05-12 11:56:14,418 [INFO] stdout: [QtBridge] Mission data sent to robot: Test1
2026-05-12 11:56:14,419 [DEBUG] qt_bridge: Mission data received: name=Test1 size=n/a
2026-05-12 11:56:36,035 [INFO] stdout: [QtBridge] Mission data sent to robot: Test1
2026-05-12 11:56:36,038 [DEBUG] qt_bridge: Mission data received: name=Test1 size=n/a
2026-05-12 11:58:35,567 [INFO] stdout: [QtBridge] Saved place 'BUS STOP': {'lat': 10.938942815897715, 'lng': 76.74528479576112}
